<?xml version="1.0" encoding="UTF-8" ?>
<testsuite tests="3" failures="0" name="com.sekhar.test.service.impl.NumberToWordImplTest" time="0" errors="0" skipped="0">
  <properties>
    <property name="java.runtime.name" value="Java(TM) SE Runtime Environment"/>
    <property name="sun.boot.library.path" value="C:\Program Files\Java\jdk1.8.0_102\jre\bin"/>
    <property name="java.vm.version" value="25.102-b14"/>
    <property name="java.vm.vendor" value="Oracle Corporation"/>
    <property name="maven.multiModuleProjectDirectory" value="D:\Interviews1\virtusatest1"/>
    <property name="java.vendor.url" value="http://java.oracle.com/"/>
    <property name="path.separator" value=";"/>
    <property name="guice.disable.misplaced.annotation.check" value="true"/>
    <property name="java.vm.name" value="Java HotSpot(TM) 64-Bit Server VM"/>
    <property name="file.encoding.pkg" value="sun.io"/>
    <property name="user.script" value=""/>
    <property name="user.country" value="US"/>
    <property name="sun.java.launcher" value="SUN_STANDARD"/>
    <property name="sun.os.patch.level" value=""/>
    <property name="java.vm.specification.name" value="Java Virtual Machine Specification"/>
    <property name="user.dir" value="D:\Interviews1\virtusatest1"/>
    <property name="java.runtime.version" value="1.8.0_102-b14"/>
    <property name="java.awt.graphicsenv" value="sun.awt.Win32GraphicsEnvironment"/>
    <property name="java.endorsed.dirs" value="C:\Program Files\Java\jdk1.8.0_102\jre\lib\endorsed"/>
    <property name="os.arch" value="amd64"/>
    <property name="java.io.tmpdir" value="C:\Users\KIT856\AppData\Local\Temp\"/>
    <property name="line.separator" value="
"/>
    <property name="java.vm.specification.vendor" value="Oracle Corporation"/>
    <property name="user.variant" value=""/>
    <property name="os.name" value="Windows 10"/>
    <property name="classworlds.conf" value="D:\Interviews1\.metadata\.plugins\org.eclipse.m2e.launching\launches\m2conf8398280392601271409.tmp"/>
    <property name="sun.jnu.encoding" value="Cp1252"/>
    <property name="java.library.path" value="C:\Program Files\Java\jdk1.8.0_102\bin;C:\WINDOWS\Sun\Java\bin;C:\WINDOWS\system32;C:\WINDOWS;C:/Program Files/Java/jre1.8.0_102/bin/server;C:/Program Files/Java/jre1.8.0_102/bin;C:/Program Files/Java/jre1.8.0_102/lib/amd64;C:\ProgramData\Oracle\Java\javapath;C:\WINDOWS\system32;C:\WINDOWS;C:\WINDOWS\System32\Wbem;C:\WINDOWS\System32\WindowsPowerShell\v1.0\;C:\Program Files\TortoiseSVN\bin;C:\Program Files (x86)\MySQL\MySQL Fabric 1.5 &amp; MySQL Utilities 1.5\;C:\Program Files (x86)\MySQL\MySQL Fabric 1.5 &amp; MySQL Utilities 1.5\Doctrine extensions for PHP\;C:\Program Files\nodejs\;C:\Program Files\Git\cmd;C:\Program Files\TortoiseGit\bin;C:\Program Files\PuTTY\;C:\WINDOWS\System32\OpenSSH\;D:\AlfaKonyVisualizerEnterprise7.2.1\ImageMagick;D:\AlfaKonyVisualizerEnterprise7.2.1\Ant\bin;D:\AlfaKonyVisualizerEnterprise7.2.1\Java\jdk1.8.0_112\bin;D:\JetAirKonyVisualizerEnterprise7.3.0\ImageMagick;D:\JetAirKonyVisualizerEnterprise7.3.0\Ant\bin;D:\JetAirKonyVisualizerEnterprise7.3.0\Java\jdk1.8.0_112\bin;D:\MarineKonyVisualizerEnterprise7.2.1\ImageMagick;D:\MarineKonyVisualizerEnterprise7.2.1\Ant\bin;D:\MarineKonyVisualizerEnterprise7.2.1\Java\jdk1.8.0_112\bin;D:\EvolutionMinKonyVisualizerEnterprise7.2.1\ImageMagick;D:\EvolutionMinKonyVisualizerEnterprise7.2.1\Ant\bin;D:\EvolutionMinKonyVisualizerEnterprise7.2.1\Java\jdk1.8.0_112\bin;D:\JetAirKonyVisualizerEnterprise7.2.1\ImageMagick;D:\JetAirKonyVisualizerEnterprise7.2.1\Ant\bin;D:\JetAirKonyVisualizerEnterprise7.2.1\Java\jdk1.8.0_112\bin;D:\MarineMaxKonyVisualizerEnterprise7.2.1\ImageMagick;D:\MarineMaxKonyVisualizerEnterprise7.2.1\Ant\bin;D:\MarineMaxKonyVisualizerEnterprise7.2.1\Java\jdk1.8.0_112\bin;C:\Users\KIT856\AppData\Local\Microsoft\WindowsApps;D:\KonyVisualizerEnterprise8.2.0\Ant\bin;D:\AndroidSDK\platform-tools;D:\KonyVisualizerEnterprise8.1.0.0\ImageMagick;D:\KonyVisualizerEnterprise8.1.0.0\Ant\bin;D:\AndroidSDK\tools;D:\KonyVisualizerEnterprise8.1.0.0_New\ImageMagick;D:\KonyVisualizerEnterprise8.1.0.0_New\Ant\bin;D:\KonyVisualizerEnterprise8.2.0_New\Ant\bin;C:\Users\KIT856\AppData\Roaming\npm;D:\Gradle\gradle-5.0\bin;;D:\KonyVisualizerEnterprise8.3.0.0\Ant\bin;D:\KonyVisualizerEnterprise8.3.0.0_New\Ant\bin;D:\Cloud Foundry;D:\eclipse-jee-mars-R-win32-x86_64\eclipse;;."/>
    <property name="java.specification.name" value="Java Platform API Specification"/>
    <property name="java.class.version" value="52.0"/>
    <property name="sun.management.compiler" value="HotSpot 64-Bit Tiered Compilers"/>
    <property name="os.version" value="10.0"/>
    <property name="user.home" value="C:\Users\KIT856"/>
    <property name="user.timezone" value="Asia/Calcutta"/>
    <property name="java.awt.printerjob" value="sun.awt.windows.WPrinterJob"/>
    <property name="java.specification.version" value="1.8"/>
    <property name="file.encoding" value="Cp1252"/>
    <property name="user.name" value="KIT856"/>
    <property name="java.class.path" value="/D:/eclipse-jee-mars-R-win32-x86_64/eclipse/plugins/org.eclipse.m2e.maven.runtime_1.6.2.20150902-0001/jars/plexus-classworlds-2.5.2.jar"/>
    <property name="java.vm.specification.version" value="1.8"/>
    <property name="sun.arch.data.model" value="64"/>
    <property name="java.home" value="C:\Program Files\Java\jdk1.8.0_102\jre"/>
    <property name="sun.java.command" value="org.codehaus.plexus.classworlds.launcher.Launcher -B install"/>
    <property name="java.specification.vendor" value="Oracle Corporation"/>
    <property name="user.language" value="en"/>
    <property name="awt.toolkit" value="sun.awt.windows.WToolkit"/>
    <property name="java.vm.info" value="mixed mode"/>
    <property name="java.version" value="1.8.0_102"/>
    <property name="java.ext.dirs" value="C:\Program Files\Java\jdk1.8.0_102\jre\lib\ext;C:\WINDOWS\Sun\Java\lib\ext"/>
    <property name="sun.boot.class.path" value="C:\Program Files\Java\jdk1.8.0_102\jre\lib\resources.jar;C:\Program Files\Java\jdk1.8.0_102\jre\lib\rt.jar;C:\Program Files\Java\jdk1.8.0_102\jre\lib\sunrsasign.jar;C:\Program Files\Java\jdk1.8.0_102\jre\lib\jsse.jar;C:\Program Files\Java\jdk1.8.0_102\jre\lib\jce.jar;C:\Program Files\Java\jdk1.8.0_102\jre\lib\charsets.jar;C:\Program Files\Java\jdk1.8.0_102\jre\lib\jfr.jar;C:\Program Files\Java\jdk1.8.0_102\jre\classes"/>
    <property name="java.vendor" value="Oracle Corporation"/>
    <property name="maven.home" value="D:\Interviews1\virtusatest1\EMBEDDED"/>
    <property name="file.separator" value="\"/>
    <property name="java.vendor.url.bug" value="http://bugreport.sun.com/bugreport/"/>
    <property name="sun.cpu.endian" value="little"/>
    <property name="sun.io.unicode.encoding" value="UnicodeLittle"/>
    <property name="sun.desktop" value="windows"/>
    <property name="sun.cpu.isalist" value="amd64"/>
  </properties>
  <testcase classname="com.sekhar.test.service.impl.NumberToWordImplTest" name="testConvert1" time="0"/>
  <testcase classname="com.sekhar.test.service.impl.NumberToWordImplTest" name="testConvert2" time="0"/>
  <testcase classname="com.sekhar.test.service.impl.NumberToWordImplTest" name="testConvert" time="0"/>
</testsuite>